Arguments: 
  C:\Program Files\nodejs\node.exe C:\Users\Tehreem\AppData\Roaming\npm\node_modules\yarn\bin\yarn.js add reduxnpm install react-redux

PATH: 
  C:\Program Files\Common Files\Oracle\Java\javapath;C:\WINDOWS\system32;C:\WINDOWS;C:\WINDOWS\System32\Wbem;C:\WINDOWS\System32\WindowsPowerShell\v1.0\;C:\WINDOWS\System32\OpenSSH\;C:\flutter_windows_2.8.1-stable\flutter\bin;C:\Program Files\nodejs\;C:\Program Files\Java\jdk-17.0.3.1\bin;C:\Program Files\Java\jdk-17.0.3.1\bin;C:\Program Files\Git\cmd;C:\ProgramData\chocolatey\bin;C:\Program Files\OpenJDK\openjdk-11.0.16_8\bin;C:\Users\Tehreem\AppData\Local\Microsoft\WindowsApps;C:\flutter_windows_2.8.1-stable\flutter\bin;;C:\Users\Tehreem\AppData\Local\Programs\Microsoft VS Code\bin;C:\Users\Tehreem\AppData\Roaming\npm

Yarn version: 
  1.22.19

Node version: 
  16.15.1

Platform: 
  win32 x64

Trace: 
  Error: https://registry.yarnpkg.com/reduxnpm: Not found
      at Request.params.callback [as _callback] (C:\Users\Tehreem\AppData\Roaming\npm\node_modules\yarn\lib\cli.js:66145:18)
      at Request.self.callback (C:\Users\Tehreem\AppData\Roaming\npm\node_modules\yarn\lib\cli.js:140890:22)
      at Request.emit (node:events:527:28)
      at Request.<anonymous> (C:\Users\Tehreem\AppData\Roaming\npm\node_modules\yarn\lib\cli.js:141862:10)
      at Request.emit (node:events:527:28)
      at IncomingMessage.<anonymous> (C:\Users\Tehreem\AppData\Roaming\npm\node_modules\yarn\lib\cli.js:141784:12)
      at Object.onceWrapper (node:events:641:28)
      at IncomingMessage.emit (node:events:539:35)
      at endReadableNT (node:internal/streams/readable:1345:12)
      at processTicksAndRejections (node:internal/process/task_queues:83:21)

npm manifest: 
  {
    "name": "todolistapp",
    "version": "1.0.0",
    "main": "node_modules/expo/AppEntry.js",
    "scripts": {
      "start": "expo start",
      "android": "expo start --android",
      "ios": "expo start --ios",
      "web": "expo start --web"
    },
    "dependencies": {
      "@react-navigation/bottom-tabs": "^6.3.3",
      "@react-navigation/native": "^6.0.11",
      "@react-navigation/stack": "^6.2.2",
      "expo": "~46.0.9",
      "expo-status-bar": "~1.4.0",
      "react": "18.0.0",
      "react-native": "0.69.4",
      "redux": "^4.2.0"
    },
    "devDependencies": {
      "@babel/core": "^7.12.9"
    },
    "private": true
  }

yarn manifest: 
  No manifest

Lockfile: 
  No lockfile
